<?xml version="1.0" encoding="UTF-8"?>
<!-- Generated by org.testng.reporters.JUnitReportReporter -->
<testsuite hostname="Vedanthlaptop" failures="0" tests="2" name="TestCases.POMtest" time="41.157" errors="0" timestamp="2023-10-17T11:07:18 EDT" skipped="0">
  <testcase classname="TestCases.POMtest" name="launchURL" time="40.125"/>
  <system-out/>
  <testcase classname="TestCases.POMtest" name="Login" time="1.032"/>
  <system-out/>
</testsuite> <!-- TestCases.POMtest -->
