<?xml version="1.0" encoding="UTF-8"?>
<!-- Generated by org.testng.reporters.JUnitReportReporter -->
<testsuite hostname="Vedanthlaptop" failures="0" tests="2" name="TestCases.PFtest" time="10.184" errors="0" timestamp="2023-10-18T10:25:11 EDT" skipped="0">
  <testcase classname="TestCases.PFtest" name="launchURL" time="9.347"/>
  <system-out/>
  <testcase classname="TestCases.PFtest" name="Login" time="0.837"/>
  <system-out/>
</testsuite> <!-- TestCases.PFtest -->
